Test           1: a = 4, b = 1 || sum = 0110, sum_correct = 0110, Correct = 1
Test           2: a = 3, b = d || sum = 0001, sum_correct = 0001, Correct = 1
Test           3: a = 5, b = 2 || sum = 1000, sum_correct = 1000, Correct = 1
Test           4: a = d, b = 6 || sum = 0100, sum_correct = 0100, Correct = 1
Test           5: a = d, b = c || sum = 1010, sum_correct = 1010, Correct = 1
Test           6: a = 6, b = 5 || sum = 1011, sum_correct = 1011, Correct = 1
Test           7: a = 5, b = 7 || sum = 1100, sum_correct = 1100, Correct = 1
Test           8: a = f, b = 2 || sum = 0001, sum_correct = 0001, Correct = 1
Test           9: a = 8, b = 5 || sum = 1101, sum_correct = 1101, Correct = 1
Test          10: a = d, b = d || sum = 1011, sum_correct = 1011, Correct = 1
Test          11: a = 3, b = a || sum = 1101, sum_correct = 1101, Correct = 1
Test          12: a = 0, b = a || sum = 1011, sum_correct = 1011, Correct = 1
Test          13: a = 6, b = 3 || sum = 1010, sum_correct = 1010, Correct = 1
Test          14: a = 3, b = b || sum = 1111, sum_correct = 1111, Correct = 1
Test          15: a = 2, b = e || sum = 0001, sum_correct = 0001, Correct = 1
Test          16: a = f, b = 3 || sum = 0010, sum_correct = 0010, Correct = 1
Test          17: a = a, b = c || sum = 0110, sum_correct = 0110, Correct = 1
Test          18: a = a, b = 1 || sum = 1011, sum_correct = 1011, Correct = 1
Test          19: a = 8, b = 9 || sum = 0010, sum_correct = 0010, Correct = 1
Test          20: a = 6, b = 6 || sum = 1100, sum_correct = 1100, Correct = 1
Test          21: a = c, b = a || sum = 0111, sum_correct = 0111, Correct = 1
Test          22: a = 1, b = 5 || sum = 0111, sum_correct = 0111, Correct = 1
Test          23: a = b, b = a || sum = 0101, sum_correct = 0101, Correct = 1
Test          24: a = 5, b = 1 || sum = 0111, sum_correct = 0111, Correct = 1
Test          25: a = 2, b = c || sum = 1111, sum_correct = 1111, Correct = 1
Test          26: a = f, b = 8 || sum = 1000, sum_correct = 1000, Correct = 1
Test          27: a = f, b = c || sum = 1100, sum_correct = 1100, Correct = 1
Test          28: a = 9, b = 9 || sum = 0010, sum_correct = 0010, Correct = 1
Test          29: a = 7, b = 1 || sum = 1000, sum_correct = 1000, Correct = 1
Test          30: a = c, b = 2 || sum = 1110, sum_correct = 1110, Correct = 1
Test          31: a = 7, b = d || sum = 0100, sum_correct = 0100, Correct = 1
Test          32: a = e, b = d || sum = 1100, sum_correct = 1100, Correct = 1
Test          33: a = f, b = 3 || sum = 0011, sum_correct = 0011, Correct = 1
Test          34: a = 8, b = b || sum = 0100, sum_correct = 0100, Correct = 1
Test          35: a = f, b = a || sum = 1001, sum_correct = 1001, Correct = 1
Test          36: a = 6, b = e || sum = 0100, sum_correct = 0100, Correct = 1
Test          37: a = a, b = 6 || sum = 0001, sum_correct = 0001, Correct = 1
Test          38: a = 3, b = f || sum = 0011, sum_correct = 0011, Correct = 1
Test          39: a = f, b = 4 || sum = 0100, sum_correct = 0100, Correct = 1
Test          40: a = b, b = 6 || sum = 0001, sum_correct = 0001, Correct = 1
Test          41: a = 9, b = d || sum = 0110, sum_correct = 0110, Correct = 1
Test          42: a = 5, b = 5 || sum = 1011, sum_correct = 1011, Correct = 1
Test          43: a = 9, b = 4 || sum = 1101, sum_correct = 1101, Correct = 1
Test          44: a = a, b = b || sum = 0101, sum_correct = 0101, Correct = 1
Test          45: a = c, b = a || sum = 0111, sum_correct = 0111, Correct = 1
Test          46: a = 3, b = 6 || sum = 1001, sum_correct = 1001, Correct = 1
Test          47: a = 7, b = a || sum = 0001, sum_correct = 0001, Correct = 1
Test          48: a = 8, b = 9 || sum = 0001, sum_correct = 0001, Correct = 1
Test          49: a = 4, b = 3 || sum = 0111, sum_correct = 0111, Correct = 1
Test          50: a = 9, b = b || sum = 0101, sum_correct = 0101, Correct = 1
Test          51: a = 9, b = d || sum = 0110, sum_correct = 0110, Correct = 1
Test          52: a = a, b = 6 || sum = 0001, sum_correct = 0001, Correct = 1
Test          53: a = 6, b = 4 || sum = 1011, sum_correct = 1011, Correct = 1
Test          54: a = 9, b = 4 || sum = 1101, sum_correct = 1101, Correct = 1
Test          55: a = 8, b = d || sum = 0110, sum_correct = 0110, Correct = 1
Test          56: a = e, b = 8 || sum = 0110, sum_correct = 0110, Correct = 1
Test          57: a = d, b = 9 || sum = 0110, sum_correct = 0110, Correct = 1
Test          58: a = 6, b = a || sum = 0001, sum_correct = 0001, Correct = 1
Test          59: a = 6, b = 0 || sum = 0111, sum_correct = 0111, Correct = 1
Test          60: a = a, b = e || sum = 1000, sum_correct = 1000, Correct = 1
Test          61: a = 5, b = a || sum = 0000, sum_correct = 0000, Correct = 1
Test          62: a = 7, b = 6 || sum = 1101, sum_correct = 1101, Correct = 1
Test          63: a = 6, b = 6 || sum = 1101, sum_correct = 1101, Correct = 1
Test          64: a = c, b = 6 || sum = 0010, sum_correct = 0010, Correct = 1
Test          65: a = e, b = b || sum = 1010, sum_correct = 1010, Correct = 1
Test          66: a = 9, b = a || sum = 0100, sum_correct = 0100, Correct = 1
Test          67: a = 7, b = 1 || sum = 1000, sum_correct = 1000, Correct = 1
Test          68: a = 0, b = 5 || sum = 0110, sum_correct = 0110, Correct = 1
Test          69: a = 9, b = 1 || sum = 1011, sum_correct = 1011, Correct = 1
Test          70: a = 8, b = b || sum = 0100, sum_correct = 0100, Correct = 1
Test          71: a = c, b = a || sum = 0110, sum_correct = 0110, Correct = 1
Test          72: a = 8, b = 9 || sum = 0010, sum_correct = 0010, Correct = 1
Test          73: a = e, b = 6 || sum = 0101, sum_correct = 0101, Correct = 1
Test          74: a = a, b = a || sum = 0101, sum_correct = 0101, Correct = 1
Test          75: a = e, b = 8 || sum = 0111, sum_correct = 0111, Correct = 1
Test          76: a = 8, b = a || sum = 0011, sum_correct = 0011, Correct = 1
Test          77: a = b, b = 7 || sum = 0010, sum_correct = 0010, Correct = 1
Test          78: a = a, b = 4 || sum = 1111, sum_correct = 1111, Correct = 1
Test          79: a = 2, b = 4 || sum = 0111, sum_correct = 0111, Correct = 1
Test          80: a = 6, b = a || sum = 0000, sum_correct = 0000, Correct = 1
Test          81: a = 2, b = d || sum = 1111, sum_correct = 1111, Correct = 1
Test          82: a = 4, b = a || sum = 1111, sum_correct = 1111, Correct = 1
Test          83: a = 1, b = e || sum = 0000, sum_correct = 0000, Correct = 1
Test          84: a = b, b = f || sum = 1011, sum_correct = 1011, Correct = 1
Test          85: a = 6, b = 5 || sum = 1100, sum_correct = 1100, Correct = 1
Test          86: a = b, b = 8 || sum = 0011, sum_correct = 0011, Correct = 1
Test          87: a = b, b = 2 || sum = 1101, sum_correct = 1101, Correct = 1
Test          88: a = d, b = b || sum = 1000, sum_correct = 1000, Correct = 1
Test          89: a = e, b = d || sum = 1011, sum_correct = 1011, Correct = 1
Test          90: a = 8, b = 1 || sum = 1001, sum_correct = 1001, Correct = 1
Test          91: a = 1, b = b || sum = 1100, sum_correct = 1100, Correct = 1
Test          92: a = 3, b = 6 || sum = 1010, sum_correct = 1010, Correct = 1
Test          93: a = 2, b = 4 || sum = 0111, sum_correct = 0111, Correct = 1
Test          94: a = 8, b = 2 || sum = 1010, sum_correct = 1010, Correct = 1
Test          95: a = 9, b = 5 || sum = 1111, sum_correct = 1111, Correct = 1
Test          96: a = b, b = 1 || sum = 1100, sum_correct = 1100, Correct = 1
Test          97: a = 7, b = 1 || sum = 1001, sum_correct = 1001, Correct = 1
Test          98: a = 4, b = 8 || sum = 1100, sum_correct = 1100, Correct = 1
Test          99: a = 4, b = 2 || sum = 0110, sum_correct = 0110, Correct = 1
Test         100: a = 1, b = 5 || sum = 0111, sum_correct = 0111, Correct = 1
Test         101: a = b, b = 5 || sum = 0001, sum_correct = 0001, Correct = 1
Test         102: a = 7, b = 4 || sum = 1100, sum_correct = 1100, Correct = 1
Test         103: a = 7, b = 9 || sum = 0001, sum_correct = 0001, Correct = 1
Test         104: a = b, b = 9 || sum = 0101, sum_correct = 0101, Correct = 1
Test         105: a = 1, b = a || sum = 1011, sum_correct = 1011, Correct = 1
Test         106: a = 5, b = 3 || sum = 1000, sum_correct = 1000, Correct = 1
Test         107: a = 2, b = e || sum = 0000, sum_correct = 0000, Correct = 1
Test         108: a = f, b = 6 || sum = 0101, sum_correct = 0101, Correct = 1
Test         109: a = 8, b = 0 || sum = 1000, sum_correct = 1000, Correct = 1
Test         110: a = 6, b = 5 || sum = 1011, sum_correct = 1011, Correct = 1
Test         111: a = 4, b = 9 || sum = 1101, sum_correct = 1101, Correct = 1
Test         112: a = c, b = a || sum = 0110, sum_correct = 0110, Correct = 1
Test         113: a = 5, b = 1 || sum = 0111, sum_correct = 0111, Correct = 1
Test         114: a = 3, b = 9 || sum = 1100, sum_correct = 1100, Correct = 1
Test         115: a = 5, b = 1 || sum = 0111, sum_correct = 0111, Correct = 1
Test         116: a = a, b = 7 || sum = 0001, sum_correct = 0001, Correct = 1
Test         117: a = c, b = 1 || sum = 1110, sum_correct = 1110, Correct = 1
Test         118: a = 6, b = 7 || sum = 1101, sum_correct = 1101, Correct = 1
Test         119: a = c, b = 5 || sum = 0001, sum_correct = 0001, Correct = 1
Test         120: a = 0, b = 2 || sum = 0010, sum_correct = 0010, Correct = 1
Test         121: a = d, b = d || sum = 1011, sum_correct = 1011, Correct = 1
Test         122: a = 9, b = e || sum = 1000, sum_correct = 1000, Correct = 1
Test         123: a = b, b = f || sum = 1011, sum_correct = 1011, Correct = 1
Test         124: a = 3, b = d || sum = 0001, sum_correct = 0001, Correct = 1
Test         125: a = 4, b = 5 || sum = 1001, sum_correct = 1001, Correct = 1
Test         126: a = d, b = 2 || sum = 1111, sum_correct = 1111, Correct = 1
Test         127: a = d, b = 2 || sum = 1111, sum_correct = 1111, Correct = 1
Test         128: a = 6, b = c || sum = 0010, sum_correct = 0010, Correct = 1
Test         129: a = 7, b = a || sum = 0001, sum_correct = 0001, Correct = 1
Test         130: a = a, b = c || sum = 0110, sum_correct = 0110, Correct = 1
Test         131: a = a, b = b || sum = 0101, sum_correct = 0101, Correct = 1
Test         132: a = 5, b = 2 || sum = 0111, sum_correct = 0111, Correct = 1
Test         133: a = 9, b = 4 || sum = 1110, sum_correct = 1110, Correct = 1
Test         134: a = b, b = c || sum = 1000, sum_correct = 1000, Correct = 1
Test         135: a = 6, b = 9 || sum = 1111, sum_correct = 1111, Correct = 1
Test         136: a = 0, b = c || sum = 1100, sum_correct = 1100, Correct = 1
Test         137: a = 7, b = a || sum = 0010, sum_correct = 0010, Correct = 1
Test         138: a = 8, b = b || sum = 0100, sum_correct = 0100, Correct = 1
Test         139: a = c, b = 3 || sum = 1111, sum_correct = 1111, Correct = 1
Test         140: a = 9, b = 9 || sum = 0011, sum_correct = 0011, Correct = 1
Test         141: a = 4, b = 7 || sum = 1100, sum_correct = 1100, Correct = 1
Test         142: a = 0, b = 2 || sum = 0011, sum_correct = 0011, Correct = 1
Test         143: a = 9, b = 0 || sum = 1001, sum_correct = 1001, Correct = 1
Test         144: a = 3, b = 3 || sum = 0110, sum_correct = 0110, Correct = 1
Test         145: a = 8, b = d || sum = 0101, sum_correct = 0101, Correct = 1
Test         146: a = 4, b = b || sum = 0000, sum_correct = 0000, Correct = 1
Test         147: a = 2, b = 2 || sum = 0101, sum_correct = 0101, Correct = 1
Test         148: a = 0, b = e || sum = 1111, sum_correct = 1111, Correct = 1
Test         149: a = b, b = 6 || sum = 0010, sum_correct = 0010, Correct = 1
Test         150: a = 0, b = f || sum = 0000, sum_correct = 0000, Correct = 1
Test         151: a = c, b = 9 || sum = 0110, sum_correct = 0110, Correct = 1
Test         152: a = f, b = 0 || sum = 0000, sum_correct = 0000, Correct = 1
Test         153: a = 9, b = 7 || sum = 0000, sum_correct = 0000, Correct = 1
Test         154: a = 8, b = b || sum = 0011, sum_correct = 0011, Correct = 1
Test         155: a = 8, b = 7 || sum = 1111, sum_correct = 1111, Correct = 1
Test         156: a = 0, b = 7 || sum = 1000, sum_correct = 1000, Correct = 1
Test         157: a = 4, b = 7 || sum = 1011, sum_correct = 1011, Correct = 1
Test         158: a = 9, b = b || sum = 0101, sum_correct = 0101, Correct = 1
Test         159: a = b, b = 0 || sum = 1011, sum_correct = 1011, Correct = 1
Test         160: a = 5, b = 0 || sum = 0110, sum_correct = 0110, Correct = 1
Test         161: a = 6, b = f || sum = 0110, sum_correct = 0110, Correct = 1
Test         162: a = 8, b = 6 || sum = 1111, sum_correct = 1111, Correct = 1
Test         163: a = 1, b = 5 || sum = 0110, sum_correct = 0110, Correct = 1
Test         164: a = 0, b = 5 || sum = 0101, sum_correct = 0101, Correct = 1
Test         165: a = 4, b = 9 || sum = 1110, sum_correct = 1110, Correct = 1
Test         166: a = 7, b = e || sum = 0110, sum_correct = 0110, Correct = 1
Test         167: a = 5, b = 8 || sum = 1101, sum_correct = 1101, Correct = 1
Test         168: a = a, b = f || sum = 1010, sum_correct = 1010, Correct = 1
Test         169: a = d, b = e || sum = 1011, sum_correct = 1011, Correct = 1
Test         170: a = c, b = 9 || sum = 0110, sum_correct = 0110, Correct = 1
Test         171: a = b, b = f || sum = 1010, sum_correct = 1010, Correct = 1
Test         172: a = 9, b = 3 || sum = 1101, sum_correct = 1101, Correct = 1
Test         173: a = 5, b = 1 || sum = 0111, sum_correct = 0111, Correct = 1
Test         174: a = 9, b = a || sum = 0100, sum_correct = 0100, Correct = 1
Test         175: a = 2, b = 4 || sum = 0110, sum_correct = 0110, Correct = 1
